<?xml version="1.0" encoding="UTF-8"?>
<!-- Generated by org.testng.reporters.JUnitXMLReporter -->
<testsuite ignored="4" hostname="LAPTOP-1VOO9DD2" failures="0" tests="2" name="group" time="0.059" errors="0" timestamp="2026-01-20T07:32:50 IST">
  <testcase classname="Day3.grouping3" name="pay1" time="0.007"/>
  <testcase classname="Day3.grouping3" name="pay2" time="0.002"/>
  <testcase classname="Day3.grouping2" name="signupFB" time="0.0">
    <ignored/>
  </testcase> <!-- signupFB -->
  <testcase classname="Day3.grouping1" name="loginFB" time="0.0">
    <ignored/>
  </testcase> <!-- loginFB -->
  <testcase classname="Day3.grouping1" name="loginInsta" time="0.0">
    <ignored/>
  </testcase> <!-- loginInsta -->
  <testcase classname="Day3.grouping2" name="signupInsta" time="0.0">
    <ignored/>
  </testcase> <!-- signupInsta -->
</testsuite> <!-- group -->
