<?xml version="1.0" encoding="UTF-8"?>
<testng-results ignored="0" total="1" passed="1" failed="0" skipped="0">
  <reporter-output>
  </reporter-output>
  <suite started-at="2026-02-04T19:50:28 IST" name="Suite" finished-at="2026-02-04T19:50:51 IST" duration-ms="23470">
    <groups>
    </groups>
    <test started-at="2026-02-04T19:50:28 IST" name="Test" finished-at="2026-02-04T19:50:51 IST" duration-ms="23470">
      <class name="TestCases.TC001_Registration">
        <test-method is-config="true" signature="setUp()[pri:0, instance:TestCases.TC001_Registration@2a798d51]" started-at="2026-02-04T19:50:28 IST" name="setUp" finished-at="2026-02-04T19:50:45 IST" duration-ms="16722" status="PASS">
          <reporter-output>
          </reporter-output>
        </test-method> <!-- setUp -->
        <test-method signature="verify_acct_registation()[pri:0, instance:TestCases.TC001_Registration@2a798d51]" started-at="2026-02-04T19:50:45 IST" name="verify_acct_registation" finished-at="2026-02-04T19:50:51 IST" duration-ms="6575" status="PASS">
          <reporter-output>
          </reporter-output>
        </test-method> <!-- verify_acct_registation -->
        <test-method is-config="true" signature="tearDown()[pri:0, instance:TestCases.TC001_Registration@2a798d51]" started-at="2026-02-04T19:50:51 IST" name="tearDown" finished-at="2026-02-04T19:50:51 IST" duration-ms="121" status="PASS">
          <reporter-output>
          </reporter-output>
        </test-method> <!-- tearDown -->
      </class> <!-- TestCases.TC001_Registration -->
    </test> <!-- Test -->
  </suite> <!-- Suite -->
</testng-results>
