<?xml version="1.0" encoding="UTF-8"?>
<testng-results ignored="0" total="1" passed="1" failed="0" skipped="0">
  <reporter-output>
  </reporter-output>
  <suite started-at="2026-02-04T19:32:41 IST" name="Default suite" finished-at="2026-02-04T19:33:01 IST" duration-ms="20739">
    <groups>
    </groups>
    <test started-at="2026-02-04T19:32:41 IST" name="Default test" finished-at="2026-02-04T19:33:01 IST" duration-ms="20739">
      <class name="TestCases.TC001_Registration">
        <test-method is-config="true" signature="setUp()[pri:0, instance:TestCases.TC001_Registration@385c9627]" started-at="2026-02-04T19:32:41 IST" name="setUp" finished-at="2026-02-04T19:32:54 IST" duration-ms="13245" status="PASS">
          <reporter-output>
          </reporter-output>
        </test-method> <!-- setUp -->
        <test-method signature="verify_acct_registation()[pri:0, instance:TestCases.TC001_Registration@385c9627]" started-at="2026-02-04T19:32:54 IST" name="verify_acct_registation" finished-at="2026-02-04T19:33:01 IST" duration-ms="7312" status="PASS">
          <reporter-output>
          </reporter-output>
        </test-method> <!-- verify_acct_registation -->
        <test-method is-config="true" signature="tearDown()[pri:0, instance:TestCases.TC001_Registration@385c9627]" started-at="2026-02-04T19:33:01 IST" name="tearDown" finished-at="2026-02-04T19:33:01 IST" duration-ms="126" status="PASS">
          <reporter-output>
          </reporter-output>
        </test-method> <!-- tearDown -->
      </class> <!-- TestCases.TC001_Registration -->
    </test> <!-- Default test -->
  </suite> <!-- Default suite -->
</testng-results>
