<?xml version="1.0" encoding="UTF-8"?>
<!-- Generated by org.testng.reporters.JUnitReportReporter -->
<testsuite hostname="LAPTOP-1VOO9DD2" failures="0" tests="4" name="tcTestNG" time="14.827" errors="0" timestamp="2026-01-18T20:05:24 IST" skipped="0">
  <testcase classname="tcTestNG" name="openURL" time="11.246"/>
  <testcase classname="tcTestNG" name="status" time="2.739"/>
  <testcase classname="tcTestNG" name="Login" time="0.586"/>
  <testcase classname="tcTestNG" name="Logout" time="0.256"/>
</testsuite> <!-- tcTestNG -->
